# JRE version: OpenJDK Runtime Environment Temurin-21.0.10+7 (21.0.10+7) (build 21.0.10+7-LTS)
# Java VM: OpenJDK 64-Bit Server VM Temurin-21.0.10+7 (21.0.10+7-LTS, mixed mode, sharing, tiered, compressed oops, compressed class ptrs, parallel gc, windows-amd64)
GC Precious Log:
 CardTable entry size: 512
 CPUs: 16 total, 16 available
 Memory: 16088M
 Large Page Support: Disabled
 NUMA Support: Disabled
 Compressed Oops: Enabled (32-bit)
 Alignments: Space 512K, Generation 512K, Heap 2M
 Heap Min Capacity: 100M
 Heap Initial Capacity: 100M
 Heap Max Capacity: 2G
 Pre-touch: Disabled
 Parallel Workers: 13
Heap:
 PSYoungGen      total 5120K, used 5041K [0x00000000d5580000, 0x00000000d5d00000, 0x0000000100000000)
  eden space 4608K, 98% used [0x00000000d5580000,0x00000000d59ec570,0x00000000d5a00000)
  from space 512K, 100% used [0x00000000d5c80000,0x00000000d5d00000,0x00000000d5d00000)
  to   space 1024K, 0% used [0x00000000d5b00000,0x00000000d5b00000,0x00000000d5c00000)
 ParOldGen       total 633344K, used 633168K [0x0000000080000000, 0x00000000a6a80000, 0x00000000d5580000)
  object space 633344K, 99% used [0x0000000080000000,0x00000000a6a54218,0x00000000a6a80000)
 Metaspace       used 79803K, committed 81600K, reserved 1179648K
  class space    used 8550K, committed 9280K, reserved 1048576K
GC Heap History (20 events):
Event: 40.788 GC heap before
{Heap before GC invocations=803 (full 4):
 PSYoungGen      total 6144K, used 4233K [0x00000000d5580000, 0x00000000d5e80000, 0x0000000100000000)
  eden space 4608K, 77% used [0x00000000d5580000,0x00000000d5902548,0x00000000d5a00000)
  from space 1536K, 41% used [0x00000000d5b80000,0x00000000d5c20000,0x00000000d5d00000)
  to   space 1024K, 0% used [0x00000000d5d80000,0x00000000d5d80000,0x00000000d5e80000)
 ParOldGen       total 630272K, used 629919K [0x0000000080000000, 0x00000000a6780000, 0x00000000d5580000)
  object space 630272K, 99% used [0x0000000080000000,0x00000000a6727cc8,0x00000000a6780000)
 Metaspace       used 78767K, committed 80448K, reserved 1179648K
  class space    used 8419K, committed 9088K, reserved 1048576K
}
Event: 40.790 GC heap after
{Heap after GC invocations=803 (full 4):
 PSYoungGen      total 5120K, used 512K [0x00000000d5580000, 0x00000000d5e00000, 0x0000000100000000)
  eden space 4608K, 0% used [0x00000000d5580000,0x00000000d5580000,0x00000000d5a00000)
  from space 512K, 100% used [0x00000000d5d80000,0x00000000d5e00000,0x00000000d5e00000)
  to   space 1024K, 0% used [0x00000000d5c00000,0x00000000d5c00000,0x00000000d5d00000)
 ParOldGen       total 630784K, used 630391K [0x0000000080000000, 0x00000000a6800000, 0x00000000d5580000)
  object space 630784K, 99% used [0x0000000080000000,0x00000000a679dcc8,0x00000000a6800000)
 Metaspace       used 78767K, committed 80448K, reserved 1179648K
  class space    used 8419K, committed 9088K, reserved 1048576K
}
Event: 40.843 GC heap before
{Heap before GC invocations=804 (full 4):
 PSYoungGen      total 5120K, used 5120K [0x00000000d5580000, 0x00000000d5e00000, 0x0000000100000000)
  eden space 4608K, 100% used [0x00000000d5580000,0x00000000d5a00000,0x00000000d5a00000)
  from space 512K, 100% used [0x00000000d5d80000,0x00000000d5e00000,0x00000000d5e00000)
  to   space 1024K, 0% used [0x00000000d5c00000,0x00000000d5c00000,0x00000000d5d00000)
 ParOldGen       total 630784K, used 630391K [0x0000000080000000, 0x00000000a6800000, 0x00000000d5580000)
  object space 630784K, 99% used [0x0000000080000000,0x00000000a679dcc8,0x00000000a6800000)
 Metaspace       used 78769K, committed 80448K, reserved 1179648K
  class space    used 8419K, committed 9088K, reserved 1048576K
}
Event: 40.844 GC heap after
{Heap after GC invocations=804 (full 4):
 PSYoungGen      total 5632K, used 704K [0x00000000d5580000, 0x00000000d5e00000, 0x0000000100000000)
  eden space 4608K, 0% used [0x00000000d5580000,0x00000000d5580000,0x00000000d5a00000)
  from space 1024K, 68% used [0x00000000d5c00000,0x00000000d5cb0000,0x00000000d5d00000)
  to   space 1024K, 0% used [0x00000000d5d00000,0x00000000d5d00000,0x00000000d5e00000)
 ParOldGen       total 630784K, used 630729K [0x0000000080000000, 0x00000000a6800000, 0x00000000d5580000)
  object space 630784K, 99% used [0x0000000080000000,0x00000000a67f25c8,0x00000000a6800000)
 Metaspace       used 78769K, committed 80448K, reserved 1179648K
  class space    used 8419K, committed 9088K, reserved 1048576K
}
Event: 40.857 GC heap before
{Heap before GC invocations=805 (full 4):
 PSYoungGen      total 5632K, used 3990K [0x00000000d5580000, 0x00000000d5e00000, 0x0000000100000000)
  eden space 4608K, 71% used [0x00000000d5580000,0x00000000d58b5830,0x00000000d5a00000)
  from space 1024K, 68% used [0x00000000d5c00000,0x00000000d5cb0000,0x00000000d5d00000)
  to   space 1024K, 0% used [0x00000000d5d00000,0x00000000d5d00000,0x00000000d5e00000)
 ParOldGen       total 630784K, used 630729K [0x0000000080000000, 0x00000000a6800000, 0x00000000d5580000)
  object space 630784K, 99% used [0x0000000080000000,0x00000000a67f25c8,0x00000000a6800000)
 Metaspace       used 78778K, committed 80448K, reserved 1179648K
  class space    used 8419K, committed 9088K, reserved 1048576K
}
Event: 40.858 GC heap after
{Heap after GC invocations=805 (full 4):
 PSYoungGen      total 5120K, used 416K [0x00000000d5580000, 0x00000000d5d80000, 0x0000000100000000)
  eden space 4608K, 0% used [0x00000000d5580000,0x00000000d5580000,0x00000000d5a00000)
  from space 512K, 81% used [0x00000000d5d00000,0x00000000d5d68000,0x00000000d5d80000)
  to   space 1024K, 0% used [0x00000000d5b80000,0x00000000d5b80000,0x00000000d5c80000)
 ParOldGen       total 631808K, used 631297K [0x0000000080000000, 0x00000000a6900000, 0x00000000d5580000)
  object space 631808K, 99% used [0x0000000080000000,0x00000000a68805c8,0x00000000a6900000)
 Metaspace       used 78778K, committed 80448K, reserved 1179648K
  class space    used 8419K, committed 9088K, reserved 1048576K
}
Event: 40.948 GC heap before
{Heap before GC invocations=806 (full 4):
 PSYoungGen      total 5120K, used 5023K [0x00000000d5580000, 0x00000000d5d80000, 0x0000000100000000)
  eden space 4608K, 99% used [0x00000000d5580000,0x00000000d59fffe8,0x00000000d5a00000)
  from space 512K, 81% used [0x00000000d5d00000,0x00000000d5d68000,0x00000000d5d80000)
  to   space 1024K, 0% used [0x00000000d5b80000,0x00000000d5b80000,0x00000000d5c80000)
 ParOldGen       total 631808K, used 631297K [0x0000000080000000, 0x00000000a6900000, 0x00000000d5580000)
  object space 631808K, 99% used [0x0000000080000000,0x00000000a68805c8,0x00000000a6900000)
 Metaspace       used 78833K, committed 80512K, reserved 1179648K
  class space    used 8427K, committed 9088K, reserved 1048576K
}
Event: 40.949 GC heap after
{Heap after GC invocations=806 (full 4):
 PSYoungGen      total 5632K, used 448K [0x00000000d5580000, 0x00000000d5d80000, 0x0000000100000000)
  eden space 4608K, 0% used [0x00000000d5580000,0x00000000d5580000,0x00000000d5a00000)
  from space 1024K, 43% used [0x00000000d5b80000,0x00000000d5bf0000,0x00000000d5c80000)
  to   space 512K, 0% used [0x00000000d5d00000,0x00000000d5d00000,0x00000000d5d80000)
 ParOldGen       total 631808K, used 631497K [0x0000000080000000, 0x00000000a6900000, 0x00000000d5580000)
  object space 631808K, 99% used [0x0000000080000000,0x00000000a68b25c8,0x00000000a6900000)
 Metaspace       used 78833K, committed 80512K, reserved 1179648K
  class space    used 8427K, committed 9088K, reserved 1048576K
}
Event: 41.080 GC heap before
{Heap before GC invocations=807 (full 4):
 PSYoungGen      total 5632K, used 4589K [0x00000000d5580000, 0x00000000d5d80000, 0x0000000100000000)
  eden space 4608K, 89% used [0x00000000d5580000,0x00000000d598b498,0x00000000d5a00000)
  from space 1024K, 43% used [0x00000000d5b80000,0x00000000d5bf0000,0x00000000d5c80000)
  to   space 512K, 0% used [0x00000000d5d00000,0x00000000d5d00000,0x00000000d5d80000)
 ParOldGen       total 631808K, used 631497K [0x0000000080000000, 0x00000000a6900000, 0x00000000d5580000)
  object space 631808K, 99% used [0x0000000080000000,0x00000000a68b25c8,0x00000000a6900000)
 Metaspace       used 78880K, committed 80512K, reserved 1179648K
  class space    used 8432K, committed 9088K, reserved 1048576K
}
Event: 41.082 GC heap after
{Heap after GC invocations=807 (full 4):
 PSYoungGen      total 5120K, used 480K [0x00000000d5580000, 0x00000000d5d80000, 0x0000000100000000)
  eden space 4608K, 0% used [0x00000000d5580000,0x00000000d5580000,0x00000000d5a00000)
  from space 512K, 93% used [0x00000000d5d00000,0x00000000d5d78020,0x00000000d5d80000)
  to   space 1024K, 0% used [0x00000000d5b80000,0x00000000d5b80000,0x00000000d5c80000)
 ParOldGen       total 631808K, used 631673K [0x0000000080000000, 0x00000000a6900000, 0x00000000d5580000)
  object space 631808K, 99% used [0x0000000080000000,0x00000000a68de5c8,0x00000000a6900000)
 Metaspace       used 78880K, committed 80512K, reserved 1179648K
  class space    used 8432K, committed 9088K, reserved 1048576K
}
Event: 41.106 GC heap before
{Heap before GC invocations=808 (full 4):
 PSYoungGen      total 5120K, used 5088K [0x00000000d5580000, 0x00000000d5d80000, 0x0000000100000000)
  eden space 4608K, 100% used [0x00000000d5580000,0x00000000d5a00000,0x00000000d5a00000)
  from space 512K, 93% used [0x00000000d5d00000,0x00000000d5d78020,0x00000000d5d80000)
  to   space 1024K, 0% used [0x00000000d5b80000,0x00000000d5b80000,0x00000000d5c80000)
 ParOldGen       total 631808K, used 631673K [0x0000000080000000, 0x00000000a6900000, 0x00000000d5580000)
  object space 631808K, 99% used [0x0000000080000000,0x00000000a68de5c8,0x00000000a6900000)
 Metaspace       used 78948K, committed 80576K, reserved 1179648K
  class space    used 8435K, committed 9088K, reserved 1048576K
}
Event: 41.108 GC heap after
{Heap after GC invocations=808 (full 4):
 PSYoungGen      total 5632K, used 512K [0x00000000d5580000, 0x00000000d5d80000, 0x0000000100000000)
  eden space 4608K, 0% used [0x00000000d5580000,0x00000000d5580000,0x00000000d5a00000)
  from space 1024K, 50% used [0x00000000d5b80000,0x00000000d5c00000,0x00000000d5c80000)
  to   space 1024K, 0% used [0x00000000d5c80000,0x00000000d5c80000,0x00000000d5d80000)
 ParOldGen       total 632320K, used 632171K [0x0000000080000000, 0x00000000a6980000, 0x00000000d5580000)
  object space 632320K, 99% used [0x0000000080000000,0x00000000a695aef8,0x00000000a6980000)
 Metaspace       used 78948K, committed 80576K, reserved 1179648K
  class space    used 8435K, committed 9088K, reserved 1048576K
}
Event: 41.139 GC heap before
{Heap before GC invocations=809 (full 4):
 PSYoungGen      total 5632K, used 5120K [0x00000000d5580000, 0x00000000d5d80000, 0x0000000100000000)
  eden space 4608K, 100% used [0x00000000d5580000,0x00000000d5a00000,0x00000000d5a00000)
  from space 1024K, 50% used [0x00000000d5b80000,0x00000000d5c00000,0x00000000d5c80000)
  to   space 1024K, 0% used [0x00000000d5c80000,0x00000000d5c80000,0x00000000d5d80000)
 ParOldGen       total 632320K, used 632171K [0x0000000080000000, 0x00000000a6980000, 0x00000000d5580000)
  object space 632320K, 99% used [0x0000000080000000,0x00000000a695aef8,0x00000000a6980000)
 Metaspace       used 79140K, committed 80832K, reserved 1179648K
  class space    used 8456K, committed 9152K, reserved 1048576K
}
Event: 41.143 GC heap after
{Heap after GC invocations=809 (full 4):
 PSYoungGen      total 5632K, used 576K [0x00000000d5580000, 0x00000000d5d80000, 0x0000000100000000)
  eden space 4608K, 0% used [0x00000000d5580000,0x00000000d5580000,0x00000000d5a00000)
  from space 1024K, 56% used [0x00000000d5c80000,0x00000000d5d10000,0x00000000d5d80000)
  to   space 1024K, 0% used [0x00000000d5b80000,0x00000000d5b80000,0x00000000d5c80000)
 ParOldGen       total 632832K, used 632411K [0x0000000080000000, 0x00000000a6a00000, 0x00000000d5580000)
  object space 632832K, 99% used [0x0000000080000000,0x00000000a6996ef8,0x00000000a6a00000)
 Metaspace       used 79140K, committed 80832K, reserved 1179648K
  class space    used 8456K, committed 9152K, reserved 1048576K
}
Event: 41.161 GC heap before
{Heap before GC invocations=810 (full 4):
 PSYoungGen      total 5632K, used 5180K [0x00000000d5580000, 0x00000000d5d80000, 0x0000000100000000)
  eden space 4608K, 99% used [0x00000000d5580000,0x00000000d59ff288,0x00000000d5a00000)
  from space 1024K, 56% used [0x00000000d5c80000,0x00000000d5d10000,0x00000000d5d80000)
  to   space 1024K, 0% used [0x00000000d5b80000,0x00000000d5b80000,0x00000000d5c80000)
 ParOldGen       total 632832K, used 632411K [0x0000000080000000, 0x00000000a6a00000, 0x00000000d5580000)
  object space 632832K, 99% used [0x0000000080000000,0x00000000a6996ef8,0x00000000a6a00000)
 Metaspace       used 79346K, committed 81024K, reserved 1179648K
  class space    used 8500K, committed 9152K, reserved 1048576K
}
Event: 41.164 GC heap after
{Heap after GC invocations=810 (full 4):
 PSYoungGen      total 5632K, used 416K [0x00000000d5580000, 0x00000000d5d00000, 0x0000000100000000)
  eden space 4608K, 0% used [0x00000000d5580000,0x00000000d5580000,0x00000000d5a00000)
  from space 1024K, 40% used [0x00000000d5b80000,0x00000000d5be8000,0x00000000d5c80000)
  to   space 512K, 0% used [0x00000000d5c80000,0x00000000d5c80000,0x00000000d5d00000)
 ParOldGen       total 632832K, used 632648K [0x0000000080000000, 0x00000000a6a00000, 0x00000000d5580000)
  object space 632832K, 99% used [0x0000000080000000,0x00000000a69d2188,0x00000000a6a00000)
 Metaspace       used 79346K, committed 81024K, reserved 1179648K
  class space    used 8500K, committed 9152K, reserved 1048576K
}
Event: 41.200 GC heap before
{Heap before GC invocations=811 (full 4):
 PSYoungGen      total 5632K, used 5024K [0x00000000d5580000, 0x00000000d5d00000, 0x0000000100000000)
  eden space 4608K, 100% used [0x00000000d5580000,0x00000000d5a00000,0x00000000d5a00000)
  from space 1024K, 40% used [0x00000000d5b80000,0x00000000d5be8000,0x00000000d5c80000)
  to   space 512K, 0% used [0x00000000d5c80000,0x00000000d5c80000,0x00000000d5d00000)
 ParOldGen       total 632832K, used 632648K [0x0000000080000000, 0x00000000a6a00000, 0x00000000d5580000)
  object space 632832K, 99% used [0x0000000080000000,0x00000000a69d2188,0x00000000a6a00000)
 Metaspace       used 79534K, committed 81280K, reserved 1179648K
  class space    used 8515K, committed 9216K, reserved 1048576K
}
Event: 41.201 GC heap after
{Heap after GC invocations=811 (full 4):
 PSYoungGen      total 5120K, used 512K [0x00000000d5580000, 0x00000000d5d00000, 0x0000000100000000)
  eden space 4608K, 0% used [0x00000000d5580000,0x00000000d5580000,0x00000000d5a00000)
  from space 512K, 100% used [0x00000000d5c80000,0x00000000d5d00000,0x00000000d5d00000)
  to   space 1024K, 0% used [0x00000000d5b00000,0x00000000d5b00000,0x00000000d5c00000)
 ParOldGen       total 633344K, used 632832K [0x0000000080000000, 0x00000000a6a80000, 0x00000000d5580000)
  object space 633344K, 99% used [0x0000000080000000,0x00000000a6a00188,0x00000000a6a80000)
 Metaspace       used 79534K, committed 81280K, reserved 1179648K
  class space    used 8515K, committed 9216K, reserved 1048576K
}
Event: 41.236 GC heap before
{Heap before GC invocations=812 (full 4):
 PSYoungGen      total 5120K, used 3872K [0x00000000d5580000, 0x00000000d5d00000, 0x0000000100000000)
  eden space 4608K, 72% used [0x00000000d5580000,0x00000000d58c8310,0x00000000d5a00000)
  from space 512K, 100% used [0x00000000d5c80000,0x00000000d5d00000,0x00000000d5d00000)
  to   space 1024K, 0% used [0x00000000d5b00000,0x00000000d5b00000,0x00000000d5c00000)
 ParOldGen       total 633344K, used 632832K [0x0000000080000000, 0x00000000a6a80000, 0x00000000d5580000)
  object space 633344K, 99% used [0x0000000080000000,0x00000000a6a00188,0x00000000a6a80000)
 Metaspace       used 79668K, committed 81408K, reserved 1179648K
  class space    used 8529K, committed 9216K, reserved 1048576K
}
Event: 41.238 GC heap after
{Heap after GC invocations=812 (full 4):
 PSYoungGen      total 5632K, used 352K [0x00000000d5580000, 0x00000000d5d00000, 0x0000000100000000)
  eden space 4608K, 0% used [0x00000000d5580000,0x00000000d5580000,0x00000000d5a00000)
  from space 1024K, 34% used [0x00000000d5b00000,0x00000000d5b58000,0x00000000d5c00000)
  to   space 512K, 0% used [0x00000000d5c80000,0x00000000d5c80000,0x00000000d5d00000)
 ParOldGen       total 633344K, used 633048K [0x0000000080000000, 0x00000000a6a80000, 0x00000000d5580000)
  object space 633344K, 99% used [0x0000000080000000,0x00000000a6a36218,0x00000000a6a80000)
 Metaspace       used 79668K, committed 81408K, reserved 1179648K
  class space    used 8529K, committed 9216K, reserved 1048576K
}

