# JRE version: OpenJDK Runtime Environment Temurin-11.0.30+7 (11.0.30+7) (build 11.0.30+7)
# Java VM: OpenJDK 64-Bit Server VM Temurin-11.0.30+7 (11.0.30+7, mixed mode, tiered, compressed oops, g1 gc, windows-amd64)
Heap:
 garbage-first heap   total 310272K, used 103424K [0x0000000704800000, 0x0000000800000000)
  region size 1024K, 84 young (86016K), 20 survivors (20480K)
 Metaspace       used 81164K, capacity 82794K, committed 83120K, reserved 1122304K
  class space    used 10029K, capacity 10658K, committed 10752K, reserved 1048576K
GC Heap History (16 events):
Event: 0.382 GC heap before
{Heap before GC invocations=0 (full 0):
 garbage-first heap   total 258048K, used 24576K [0x0000000704800000, 0x0000000800000000)
  region size 1024K, 24 young (24576K), 0 survivors (0K)
 Metaspace       used 11501K, capacity 11692K, committed 12032K, reserved 1060864K
  class space    used 1096K, capacity 1176K, committed 1280K, reserved 1048576K
}
Event: 0.385 GC heap after
{Heap after GC invocations=1 (full 0):
 garbage-first heap   total 258048K, used 8150K [0x0000000704800000, 0x0000000800000000)
  region size 1024K, 3 young (3072K), 3 survivors (3072K)
 Metaspace       used 11501K, capacity 11692K, committed 12032K, reserved 1060864K
  class space    used 1096K, capacity 1176K, committed 1280K, reserved 1048576K
}
Event: 0.706 GC heap before
{Heap before GC invocations=1 (full 0):
 garbage-first heap   total 258048K, used 55254K [0x0000000704800000, 0x0000000800000000)
  region size 1024K, 50 young (51200K), 3 survivors (3072K)
 Metaspace       used 20863K, capacity 21212K, committed 21296K, reserved 1069056K
  class space    used 2244K, capacity 2396K, committed 2432K, reserved 1048576K
}
Event: 0.709 GC heap after
{Heap after GC invocations=2 (full 0):
 garbage-first heap   total 258048K, used 9922K [0x0000000704800000, 0x0000000800000000)
  region size 1024K, 5 young (5120K), 5 survivors (5120K)
 Metaspace       used 20863K, capacity 21212K, committed 21296K, reserved 1069056K
  class space    used 2244K, capacity 2396K, committed 2432K, reserved 1048576K
}
Event: 1.216 GC heap before
{Heap before GC invocations=3 (full 0):
 garbage-first heap   total 258048K, used 50882K [0x0000000704800000, 0x0000000800000000)
  region size 1024K, 45 young (46080K), 5 survivors (5120K)
 Metaspace       used 28860K, capacity 29545K, committed 29616K, reserved 1075200K
  class space    used 3289K, capacity 3563K, committed 3584K, reserved 1048576K
}
Event: 1.220 GC heap after
{Heap after GC invocations=4 (full 0):
 garbage-first heap   total 258048K, used 12162K [0x0000000704800000, 0x0000000800000000)
  region size 1024K, 5 young (5120K), 5 survivors (5120K)
 Metaspace       used 28860K, capacity 29545K, committed 29616K, reserved 1075200K
  class space    used 3289K, capacity 3563K, committed 3584K, reserved 1048576K
}
Event: 1.972 GC heap before
{Heap before GC invocations=4 (full 0):
 garbage-first heap   total 258048K, used 80770K [0x0000000704800000, 0x0000000800000000)
  region size 1024K, 72 young (73728K), 5 survivors (5120K)
 Metaspace       used 34079K, capacity 34993K, committed 35248K, reserved 1081344K
  class space    used 3918K, capacity 4257K, committed 4352K, reserved 1048576K
}
Event: 1.976 GC heap after
{Heap after GC invocations=5 (full 0):
 garbage-first heap   total 258048K, used 16098K [0x0000000704800000, 0x0000000800000000)
  region size 1024K, 8 young (8192K), 8 survivors (8192K)
 Metaspace       used 34079K, capacity 34993K, committed 35248K, reserved 1081344K
  class space    used 3918K, capacity 4257K, committed 4352K, reserved 1048576K
}
Event: 2.069 GC heap before
{Heap before GC invocations=5 (full 0):
 garbage-first heap   total 258048K, used 27362K [0x0000000704800000, 0x0000000800000000)
  region size 1024K, 20 young (20480K), 8 survivors (8192K)
 Metaspace       used 34958K, capacity 35768K, committed 35888K, reserved 1081344K
  class space    used 4049K, capacity 4361K, committed 4480K, reserved 1048576K
}
Event: 2.074 GC heap after
{Heap after GC invocations=6 (full 0):
 garbage-first heap   total 258048K, used 16602K [0x0000000704800000, 0x0000000800000000)
  region size 1024K, 9 young (9216K), 9 survivors (9216K)
 Metaspace       used 34958K, capacity 35768K, committed 35888K, reserved 1081344K
  class space    used 4049K, capacity 4361K, committed 4480K, reserved 1048576K
}
Event: 3.641 GC heap before
{Heap before GC invocations=7 (full 0):
 garbage-first heap   total 258048K, used 149722K [0x0000000704800000, 0x0000000800000000)
  region size 1024K, 138 young (141312K), 9 survivors (9216K)
 Metaspace       used 52837K, capacity 53937K, committed 54192K, reserved 1097728K
  class space    used 6366K, capacity 6796K, committed 6912K, reserved 1048576K
}
Event: 3.648 GC heap after
{Heap after GC invocations=8 (full 0):
 garbage-first heap   total 310272K, used 24988K [0x0000000704800000, 0x0000000800000000)
  region size 1024K, 17 young (17408K), 17 survivors (17408K)
 Metaspace       used 52837K, capacity 53937K, committed 54192K, reserved 1097728K
  class space    used 6366K, capacity 6796K, committed 6912K, reserved 1048576K
}
Event: 3.951 GC heap before
{Heap before GC invocations=8 (full 0):
 garbage-first heap   total 310272K, used 56732K [0x0000000704800000, 0x0000000800000000)
  region size 1024K, 49 young (50176K), 17 survivors (17408K)
 Metaspace       used 58939K, capacity 60033K, committed 60208K, reserved 1101824K
  class space    used 7260K, capacity 7690K, committed 7808K, reserved 1048576K
}
Event: 3.961 GC heap after
{Heap after GC invocations=9 (full 0):
 garbage-first heap   total 310272K, used 27233K [0x0000000704800000, 0x0000000800000000)
  region size 1024K, 12 young (12288K), 12 survivors (12288K)
 Metaspace       used 58939K, capacity 60033K, committed 60208K, reserved 1101824K
  class space    used 7260K, capacity 7690K, committed 7808K, reserved 1048576K
}
Event: 6.189 GC heap before
{Heap before GC invocations=10 (full 0):
 garbage-first heap   total 310272K, used 177761K [0x0000000704800000, 0x0000000800000000)
  region size 1024K, 159 young (162816K), 12 survivors (12288K)
 Metaspace       used 74506K, capacity 76074K, committed 76208K, reserved 1116160K
  class space    used 9282K, capacity 9899K, committed 9984K, reserved 1048576K
}
Event: 6.198 GC heap after
{Heap after GC invocations=11 (full 0):
 garbage-first heap   total 310272K, used 38912K [0x0000000704800000, 0x0000000800000000)
  region size 1024K, 20 young (20480K), 20 survivors (20480K)
 Metaspace       used 74506K, capacity 76074K, committed 76208K, reserved 1116160K
  class space    used 9282K, capacity 9899K, committed 9984K, reserved 1048576K
}

